<?xml version="1.0" encoding="UTF-8"?>
<testng-results ignored="0" total="1" passed="1" failed="0" skipped="0">
  <reporter-output>
  </reporter-output>
  <suite started-at="2023-04-12T03:54:02 IST" name="Surefire suite" finished-at="2023-04-12T03:54:59 IST" duration-ms="56240">
    <groups>
      <group name="cucumber">
        <method signature="AbstractTestNGCucumberTests.runScenario(io.cucumber.testng.PickleWrapper,io.cucumber.testng.FeatureWrapper)[pri:0, instance:cucumberoption.Runner@49c386c8]" name="runScenario" class="io.cucumber.testng.AbstractTestNGCucumberTests"/>
      </group> <!-- cucumber -->
    </groups>
    <test started-at="2023-04-12T03:54:02 IST" name="Surefire test" finished-at="2023-04-12T03:54:59 IST" duration-ms="56240">
      <class name="cucumberoption.Runner">
        <test-method is-config="true" signature="setUpClass(org.testng.ITestContext)[pri:0, instance:cucumberoption.Runner@49c386c8]" started-at="2023-04-12T03:54:02 IST" name="setUpClass" finished-at="2023-04-12T03:54:04 IST" duration-ms="1603" status="PASS">
          <params>
            <param index="0">
              <value>
                <![CDATA[org.testng.TestRunner@6d3c232f]]>
              </value>
            </param>
          </params>
          <reporter-output>
          </reporter-output>
        </test-method> <!-- setUpClass -->
        <test-method signature="runScenario(io.cucumber.testng.PickleWrapper,io.cucumber.testng.FeatureWrapper)[pri:0, instance:cucumberoption.Runner@49c386c8]" started-at="2023-04-12T03:54:04 IST" name="runScenario" description="Runs Cucumber Scenarios" data-provider="scenarios" finished-at="2023-04-12T03:54:58 IST" duration-ms="53800" status="PASS">
          <params>
            <param index="0">
              <value>
                <![CDATA["Get personal details from user"]]>
              </value>
            </param>
            <param index="1">
              <value>
                <![CDATA["Launch URL"]]>
              </value>
            </param>
          </params>
          <reporter-output>
          </reporter-output>
        </test-method> <!-- runScenario -->
        <test-method is-config="true" signature="tearDownClass()[pri:0, instance:cucumberoption.Runner@49c386c8]" started-at="2023-04-12T03:54:58 IST" name="tearDownClass" finished-at="2023-04-12T03:54:59 IST" duration-ms="756" status="PASS">
          <reporter-output>
          </reporter-output>
        </test-method> <!-- tearDownClass -->
      </class> <!-- cucumberoption.Runner -->
    </test> <!-- Surefire test -->
  </suite> <!-- Surefire suite -->
</testng-results>
