<?xml version="1.0" encoding="UTF-8"?>
<testng-results ignored="0" total="1" passed="1" failed="0" skipped="0">
  <reporter-output>
  </reporter-output>
  <suite started-at="2023-04-15T19:32:27 IST" name="Default suite" finished-at="2023-04-15T19:33:48 IST" duration-ms="80609">
    <groups>
      <group name="cucumber">
        <method signature="AbstractTestNGCucumberTests.runScenario(io.cucumber.testng.PickleWrapper,io.cucumber.testng.FeatureWrapper)[pri:0, instance:cucumberoption.Runner@385c9627]" name="runScenario" class="io.cucumber.testng.AbstractTestNGCucumberTests"/>
      </group> <!-- cucumber -->
    </groups>
    <test started-at="2023-04-15T19:32:27 IST" name="Default test" finished-at="2023-04-15T19:33:48 IST" duration-ms="80609">
      <class name="cucumberoption.Runner">
        <test-method is-config="true" signature="setUpClass(org.testng.ITestContext)[pri:0, instance:cucumberoption.Runner@385c9627]" started-at="2023-04-15T19:32:27 IST" name="setUpClass" finished-at="2023-04-15T19:32:29 IST" duration-ms="1540" status="PASS">
          <params>
            <param index="0">
              <value>
                <![CDATA[org.testng.TestRunner@7baf6acf]]>
              </value>
            </param>
          </params>
          <reporter-output>
          </reporter-output>
        </test-method> <!-- setUpClass -->
        <test-method signature="runScenario(io.cucumber.testng.PickleWrapper,io.cucumber.testng.FeatureWrapper)[pri:0, instance:cucumberoption.Runner@385c9627]" started-at="2023-04-15T19:32:29 IST" name="runScenario" description="Runs Cucumber Scenarios" data-provider="scenarios" finished-at="2023-04-15T19:33:47 IST" duration-ms="78289" status="PASS">
          <params>
            <param index="0">
              <value>
                <![CDATA["Get personal details from user"]]>
              </value>
            </param>
            <param index="1">
              <value>
                <![CDATA["Launch URL"]]>
              </value>
            </param>
          </params>
          <reporter-output>
          </reporter-output>
        </test-method> <!-- runScenario -->
        <test-method is-config="true" signature="tearDownClass()[pri:0, instance:cucumberoption.Runner@385c9627]" started-at="2023-04-15T19:33:47 IST" name="tearDownClass" finished-at="2023-04-15T19:33:48 IST" duration-ms="694" status="PASS">
          <reporter-output>
          </reporter-output>
        </test-method> <!-- tearDownClass -->
      </class> <!-- cucumberoption.Runner -->
    </test> <!-- Default test -->
  </suite> <!-- Default suite -->
</testng-results>
