<?xml version="1.0" encoding="UTF-8"?>
<testng-results ignored="0" total="2" passed="1" failed="1" skipped="0">
  <reporter-output>
  </reporter-output>
  <suite started-at="2023-08-29T08:40:25 IST" name="Default suite" finished-at="2023-08-29T08:41:01 IST" duration-ms="35354">
    <groups>
      <group name="cucumber">
        <method signature="AbstractTestNGCucumberTests.runScenario(io.cucumber.testng.PickleWrapper,io.cucumber.testng.FeatureWrapper)[pri:0, instance:cucumberoption.Runner@65e98b1c]" name="runScenario" class="io.cucumber.testng.AbstractTestNGCucumberTests"/>
      </group> <!-- cucumber -->
    </groups>
    <test started-at="2023-08-29T08:40:25 IST" name="Default test" finished-at="2023-08-29T08:41:01 IST" duration-ms="35354">
      <class name="cucumberoption.Runner">
        <test-method is-config="true" signature="setUpClass(org.testng.ITestContext)[pri:0, instance:cucumberoption.Runner@65e98b1c]" started-at="2023-08-29T08:40:25 IST" name="setUpClass" finished-at="2023-08-29T08:40:27 IST" duration-ms="1874" status="PASS">
          <params>
            <param index="0">
              <value>
                <![CDATA[org.testng.TestRunner@4e357792]]>
              </value>
            </param>
          </params>
          <reporter-output>
          </reporter-output>
        </test-method> <!-- setUpClass -->
        <test-method signature="runScenario(io.cucumber.testng.PickleWrapper,io.cucumber.testng.FeatureWrapper)[pri:0, instance:cucumberoption.Runner@65e98b1c]" started-at="2023-08-29T08:40:27 IST" name="runScenario" description="Runs Cucumber Scenarios" data-provider="scenarios" finished-at="2023-08-29T08:40:48 IST" duration-ms="20327" status="PASS">
          <params>
            <param index="0">
              <value>
                <![CDATA["Login page Validation and signin"]]>
              </value>
            </param>
            <param index="1">
              <value>
                <![CDATA["Launch URL"]]>
              </value>
            </param>
          </params>
          <reporter-output>
          </reporter-output>
        </test-method> <!-- runScenario -->
        <test-method signature="runScenario(io.cucumber.testng.PickleWrapper,io.cucumber.testng.FeatureWrapper)[pri:0, instance:cucumberoption.Runner@65e98b1c]" started-at="2023-08-29T08:40:48 IST" name="runScenario" description="Runs Cucumber Scenarios" data-provider="scenarios" finished-at="2023-08-29T08:40:57 IST" duration-ms="9495" status="FAIL">
          <params>
            <param index="0">
              <value>
                <![CDATA["Get personal details from user"]]>
              </value>
            </param>
            <param index="1">
              <value>
                <![CDATA["Launch URL"]]>
              </value>
            </param>
          </params>
          <exception class="org.openqa.selenium.NoSuchElementException">
            <message>
              <![CDATA[no such element: Unable to locate element: {"method":"xpath","selector":"//*[@id='msform']/div[2]/fieldset[1]/div/div[1]/div/h2"}
  (Session info: MicrosoftEdge=116.0.1938.54)
For documentation on this error, please visit: https://selenium.dev/exceptions/#no_such_element
Build info: version: '4.8.3', revision: 'e5e76298c3'
System info: os.name: 'Windows 11', os.arch: 'amd64', os.version: '10.0', java.version: '18.0.1.1'
Driver info: org.openqa.selenium.edge.EdgeDriver
Command: [fee9ab9c2984f69e5cd487b150290f47, findElement {using=xpath, value=//*[@id='msform']/div[2]/fieldset[1]/div/div[1]/div/h2}]
Capabilities {acceptInsecureCerts: false, browserName: msedge, browserVersion: 116.0.1938.54, fedcm:accounts: true, ms:edgeOptions: {debuggerAddress: localhost:52284}, msedge: {msedgedriverVersion: 116.0.1938.62 (493f2197e519..., userDataDir: C:\Users\winni\AppData\Loca...}, networkConnectionEnabled: false, pageLoadStrategy: normal, platformName: WINDOWS, proxy: Proxy(), se:cdp: ws://localhost:52284/devtoo..., se:cdpVersion: 116.0.1938.54, setWindowRect: true, strictFileInteractability: false, timeouts: {implicit: 0, pageLoad: 300000, script: 30000}, unhandledPromptBehavior: dismiss and notify, webauthn:extension:credBlob: true, webauthn:extension:largeBlob: true, webauthn:extension:minPinLength: true, webauthn:extension:prf: true, webauthn:virtualAuthenticators: true}
Session ID: fee9ab9c2984f69e5cd487b150290f47]]>
            </message>
            <full-stacktrace>
              <![CDATA[org.openqa.selenium.NoSuchElementException: no such element: Unable to locate element: {"method":"xpath","selector":"//*[@id='msform']/div[2]/fieldset[1]/div/div[1]/div/h2"}
  (Session info: MicrosoftEdge=116.0.1938.54)
For documentation on this error, please visit: https://selenium.dev/exceptions/#no_such_element
Build info: version: '4.8.3', revision: 'e5e76298c3'
System info: os.name: 'Windows 11', os.arch: 'amd64', os.version: '10.0', java.version: '18.0.1.1'
Driver info: org.openqa.selenium.edge.EdgeDriver
Command: [fee9ab9c2984f69e5cd487b150290f47, findElement {using=xpath, value=//*[@id='msform']/div[2]/fieldset[1]/div/div[1]/div/h2}]
Capabilities {acceptInsecureCerts: false, browserName: msedge, browserVersion: 116.0.1938.54, fedcm:accounts: true, ms:edgeOptions: {debuggerAddress: localhost:52284}, msedge: {msedgedriverVersion: 116.0.1938.62 (493f2197e519..., userDataDir: C:\Users\winni\AppData\Loca...}, networkConnectionEnabled: false, pageLoadStrategy: normal, platformName: WINDOWS, proxy: Proxy(), se:cdp: ws://localhost:52284/devtoo..., se:cdpVersion: 116.0.1938.54, setWindowRect: true, strictFileInteractability: false, timeouts: {implicit: 0, pageLoad: 300000, script: 30000}, unhandledPromptBehavior: dismiss and notify, webauthn:extension:credBlob: true, webauthn:extension:largeBlob: true, webauthn:extension:minPinLength: true, webauthn:extension:prf: true, webauthn:virtualAuthenticators: true}
Session ID: fee9ab9c2984f69e5cd487b150290f47
at java.base/jdk.internal.reflect.DirectConstructorHandleAccessor.newInstance(DirectConstructorHandleAccessor.java:67)
at java.base/java.lang.reflect.Constructor.newInstanceWithCaller(Constructor.java:499)
at java.base/java.lang.reflect.Constructor.newInstance(Constructor.java:483)
at org.openqa.selenium.remote.codec.w3c.W3CHttpResponseCodec.createException(W3CHttpResponseCodec.java:200)
at org.openqa.selenium.remote.codec.w3c.W3CHttpResponseCodec.decode(W3CHttpResponseCodec.java:133)
at org.openqa.selenium.remote.codec.w3c.W3CHttpResponseCodec.decode(W3CHttpResponseCodec.java:53)
at org.openqa.selenium.remote.HttpCommandExecutor.execute(HttpCommandExecutor.java:193)
at org.openqa.selenium.remote.service.DriverCommandExecutor.invokeExecute(DriverCommandExecutor.java:183)
at org.openqa.selenium.remote.service.DriverCommandExecutor.execute(DriverCommandExecutor.java:158)
at org.openqa.selenium.remote.RemoteWebDriver.execute(RemoteWebDriver.java:543)
at org.openqa.selenium.remote.ElementLocation$ElementFinder$2.findElement(ElementLocation.java:162)
at org.openqa.selenium.remote.ElementLocation.findElement(ElementLocation.java:60)
at org.openqa.selenium.remote.RemoteWebDriver.findElement(RemoteWebDriver.java:352)
at org.openqa.selenium.remote.RemoteWebDriver.findElement(RemoteWebDriver.java:344)
at org.openqa.selenium.support.pagefactory.DefaultElementLocator.findElement(DefaultElementLocator.java:70)
at org.openqa.selenium.support.pagefactory.internal.LocatingElementHandler.invoke(LocatingElementHandler.java:39)
at jdk.proxy2/jdk.proxy2.$Proxy32.getText(Unknown Source)
at pageObjects.PersonalDetailsObject.Validatepersonaldetaiilspage(PersonalDetailsObject.java:39)
at stepDefinition.PersonalDetails.user_is_on_personal_details_page(PersonalDetails.java:16)
at ✽.User is on Personal Details Page(file:///D:/eclipse-workspace1/BDD_BGV/src/test/java/feature/Launch.feature:22)
]]>
            </full-stacktrace>
          </exception> <!-- org.openqa.selenium.NoSuchElementException -->
          <reporter-output>
          </reporter-output>
        </test-method> <!-- runScenario -->
        <test-method is-config="true" signature="tearDownClass()[pri:0, instance:cucumberoption.Runner@65e98b1c]" started-at="2023-08-29T08:40:57 IST" name="tearDownClass" finished-at="2023-08-29T08:41:01 IST" duration-ms="3579" status="PASS">
          <reporter-output>
          </reporter-output>
        </test-method> <!-- tearDownClass -->
      </class> <!-- cucumberoption.Runner -->
    </test> <!-- Default test -->
  </suite> <!-- Default suite -->
</testng-results>
